<?xml version="1.0" encoding="UTF-8"?>
<testsuite xmlns:xsi="http://www.w3.org/2001/XMLSchema-instance" xsi:noNamespaceSchemaLocation="https://maven.apache.org/surefire/maven-surefire-plugin/xsd/surefire-test-report-3.0.xsd" version="3.0" name="sample.Vector2dTest" time="0.05" tests="2" errors="0" skipped="0" failures="0">
  <properties>
[...]
</properties>
  <testcase name="testScalarMultiplication" classname="sample.Vector2dTest" time="0.023">
    <system-out><![CDATA[ScaklarMultiplication
]]></system-out>
  </testcase>
  <testcase name="testEquals" classname="sample.Vector2dTest" time="0.001">
    <system-out><![CDATA[equals
]]></system-out>
  </testcase>
</testsuite>